{"/home/jonathanstaib/projects/courses/401/api-server/src/server.js": {"path":"/home/jonathanstaib/projects/courses/401/api-server/src/server.js","statementMap":{"0":{"start":{"line":3,"column":16},"end":{"line":3,"column":34}},"1":{"start":{"line":4,"column":15},"end":{"line":4,"column":48}},"2":{"start":{"line":5,"column":17},"end":{"line":5,"column":42}},"3":{"start":{"line":6,"column":21},"end":{"line":6,"column":46}},"4":{"start":{"line":7,"column":23},"end":{"line":7,"column":51}},"5":{"start":{"line":8,"column":19},"end":{"line":8,"column":43}},"6":{"start":{"line":9,"column":13},"end":{"line":9,"column":37}},"7":{"start":{"line":12,"column":12},"end":{"line":12,"column":21}},"8":{"start":{"line":14,"column":0},"end":{"line":14,"column":24}},"9":{"start":{"line":15,"column":0},"end":{"line":15,"column":24}},"10":{"start":{"line":16,"column":0},"end":{"line":16,"column":20}},"11":{"start":{"line":17,"column":0},"end":{"line":17,"column":16}},"12":{"start":{"line":19,"column":0},"end":{"line":22,"column":3}},"13":{"start":{"line":21,"column":2},"end":{"line":21,"column":39}},"14":{"start":{"line":24,"column":0},"end":{"line":26,"column":3}},"15":{"start":{"line":25,"column":2},"end":{"line":25,"column":27}},"16":{"start":{"line":28,"column":0},"end":{"line":28,"column":23}},"17":{"start":{"line":29,"column":0},"end":{"line":29,"column":22}},"18":{"start":{"line":31,"column":14},"end":{"line":33,"column":1}},"19":{"start":{"line":32,"column":2},"end":{"line":32,"column":70}},"20":{"start":{"line":32,"column":25},"end":{"line":32,"column":68}},"21":{"start":{"line":35,"column":0},"end":{"line":35,"column":32}}},"fnMap":{"0":{"name":"(anonymous_0)","decl":{"start":{"line":19,"column":13},"end":{"line":19,"column":14}},"loc":{"start":{"line":19,"column":33},"end":{"line":22,"column":1}},"line":19},"1":{"name":"(anonymous_1)","decl":{"start":{"line":24,"column":16},"end":{"line":24,"column":17}},"loc":{"start":{"line":24,"column":36},"end":{"line":26,"column":1}},"line":24},"2":{"name":"(anonymous_2)","decl":{"start":{"line":31,"column":14},"end":{"line":31,"column":15}},"loc":{"start":{"line":31,"column":20},"end":{"line":33,"column":1}},"line":31},"3":{"name":"(anonymous_3)","decl":{"start":{"line":32,"column":19},"end":{"line":32,"column":20}},"loc":{"start":{"line":32,"column":25},"end":{"line":32,"column":68}},"line":32}},"branchMap":{"0":{"loc":{"start":{"line":9,"column":13},"end":{"line":9,"column":37}},"type":"binary-expr","locations":[{"start":{"line":9,"column":13},"end":{"line":9,"column":29}},{"start":{"line":9,"column":33},"end":{"line":9,"column":37}}],"line":9}},"s":{"0":3,"1":3,"2":3,"3":3,"4":3,"5":3,"6":3,"7":3,"8":3,"9":3,"10":3,"11":3,"12":3,"13":1,"14":3,"15":0,"16":3,"17":3,"18":3,"19":0,"20":0,"21":3},"f":{"0":1,"1":0,"2":0,"3":0},"b":{"0":[3,0]},"_coverageSchema":"1a1c01bbd47fc00a2c39e90264f33305004495a9","hash":"fe2a2aeb7df7e7aa6b716e108851a2af32e7775f"}
,"/home/jonathanstaib/projects/courses/401/api-server/src/handlers/404.js": {"path":"/home/jonathanstaib/projects/courses/401/api-server/src/handlers/404.js","statementMap":{"0":{"start":{"line":3,"column":0},"end":{"line":9,"column":2}},"1":{"start":{"line":4,"column":2},"end":{"line":8,"column":5}}},"fnMap":{"0":{"name":"(anonymous_0)","decl":{"start":{"line":3,"column":17},"end":{"line":3,"column":18}},"loc":{"start":{"line":3,"column":37},"end":{"line":9,"column":1}},"line":3}},"branchMap":{},"s":{"0":3,"1":2},"f":{"0":2},"b":{},"_coverageSchema":"1a1c01bbd47fc00a2c39e90264f33305004495a9","hash":"1e9fed2cd63b5741076e1c61e425fe28790b5873"}
,"/home/jonathanstaib/projects/courses/401/api-server/src/handlers/500.js": {"path":"/home/jonathanstaib/projects/courses/401/api-server/src/handlers/500.js","statementMap":{"0":{"start":{"line":3,"column":0},"end":{"line":11,"column":2}},"1":{"start":{"line":4,"column":2},"end":{"line":10,"column":5}}},"fnMap":{"0":{"name":"(anonymous_0)","decl":{"start":{"line":3,"column":17},"end":{"line":3,"column":18}},"loc":{"start":{"line":3,"column":42},"end":{"line":11,"column":1}},"line":3}},"branchMap":{},"s":{"0":3,"1":0},"f":{"0":0},"b":{},"_coverageSchema":"1a1c01bbd47fc00a2c39e90264f33305004495a9","hash":"45640d255fe419d654b5c28625765ee5e03cc196"}
,"/home/jonathanstaib/projects/courses/401/api-server/src/middleware/logger.js": {"path":"/home/jonathanstaib/projects/courses/401/api-server/src/middleware/logger.js","statementMap":{"0":{"start":{"line":3,"column":15},"end":{"line":9,"column":1}},"1":{"start":{"line":4,"column":18},"end":{"line":4,"column":28}},"2":{"start":{"line":5,"column":13},"end":{"line":5,"column":21}},"3":{"start":{"line":7,"column":2},"end":{"line":7,"column":33}},"4":{"start":{"line":8,"column":2},"end":{"line":8,"column":9}},"5":{"start":{"line":11,"column":0},"end":{"line":11,"column":24}}},"fnMap":{"0":{"name":"(anonymous_0)","decl":{"start":{"line":3,"column":15},"end":{"line":3,"column":16}},"loc":{"start":{"line":3,"column":35},"end":{"line":9,"column":1}},"line":3}},"branchMap":{},"s":{"0":4,"1":4,"2":4,"3":4,"4":4,"5":4},"f":{"0":4},"b":{},"_coverageSchema":"1a1c01bbd47fc00a2c39e90264f33305004495a9","hash":"0fb53c29c75c21e0bfcbc92cb76d92607575bb8e"}
,"/home/jonathanstaib/projects/courses/401/api-server/src/models/city.js": {"path":"/home/jonathanstaib/projects/courses/401/api-server/src/models/city.js","statementMap":{"0":{"start":{"line":3,"column":0},"end":{"line":14,"column":2}},"1":{"start":{"line":4,"column":2},"end":{"line":13,"column":5}}},"fnMap":{"0":{"name":"(anonymous_0)","decl":{"start":{"line":3,"column":17},"end":{"line":3,"column":18}},"loc":{"start":{"line":3,"column":51},"end":{"line":14,"column":1}},"line":3}},"branchMap":{},"s":{"0":3,"1":3},"f":{"0":3},"b":{},"_coverageSchema":"1a1c01bbd47fc00a2c39e90264f33305004495a9","hash":"b3a972956968855b62723ca9980c67498760d089"}
,"/home/jonathanstaib/projects/courses/401/api-server/src/models/collection.js": {"path":"/home/jonathanstaib/projects/courses/401/api-server/src/models/collection.js","statementMap":{"0":{"start":{"line":5,"column":4},"end":{"line":5,"column":23}},"1":{"start":{"line":9,"column":4},"end":{"line":15,"column":5}},"2":{"start":{"line":10,"column":21},"end":{"line":10,"column":50}},"3":{"start":{"line":11,"column":6},"end":{"line":11,"column":20}},"4":{"start":{"line":13,"column":6},"end":{"line":13,"column":47}},"5":{"start":{"line":14,"column":6},"end":{"line":14,"column":15}},"6":{"start":{"line":19,"column":4},"end":{"line":31,"column":5}},"7":{"start":{"line":21,"column":6},"end":{"line":27,"column":7}},"8":{"start":{"line":22,"column":24},"end":{"line":22,"column":50}},"9":{"start":{"line":23,"column":8},"end":{"line":23,"column":23}},"10":{"start":{"line":25,"column":29},"end":{"line":25,"column":58}},"11":{"start":{"line":26,"column":8},"end":{"line":26,"column":28}},"12":{"start":{"line":29,"column":6},"end":{"line":29,"column":47}},"13":{"start":{"line":30,"column":6},"end":{"line":30,"column":15}},"14":{"start":{"line":36,"column":4},"end":{"line":46,"column":5}},"15":{"start":{"line":37,"column":6},"end":{"line":37,"column":44}},"16":{"start":{"line":37,"column":15},"end":{"line":37,"column":44}},"17":{"start":{"line":38,"column":21},"end":{"line":38,"column":50}},"18":{"start":{"line":39,"column":6},"end":{"line":39,"column":48}},"19":{"start":{"line":40,"column":20},"end":{"line":40,"column":44}},"20":{"start":{"line":41,"column":6},"end":{"line":41,"column":50}},"21":{"start":{"line":42,"column":6},"end":{"line":42,"column":21}},"22":{"start":{"line":44,"column":6},"end":{"line":44,"column":47}},"23":{"start":{"line":45,"column":6},"end":{"line":45,"column":15}},"24":{"start":{"line":50,"column":4},"end":{"line":56,"column":5}},"25":{"start":{"line":51,"column":21},"end":{"line":51,"column":51}},"26":{"start":{"line":52,"column":6},"end":{"line":52,"column":20}},"27":{"start":{"line":54,"column":6},"end":{"line":54,"column":47}},"28":{"start":{"line":55,"column":6},"end":{"line":55,"column":15}},"29":{"start":{"line":60,"column":0},"end":{"line":60,"column":28}}},"fnMap":{"0":{"name":"(anonymous_0)","decl":{"start":{"line":4,"column":2},"end":{"line":4,"column":3}},"loc":{"start":{"line":4,"column":20},"end":{"line":6,"column":3}},"line":4},"1":{"name":"(anonymous_1)","decl":{"start":{"line":8,"column":2},"end":{"line":8,"column":3}},"loc":{"start":{"line":8,"column":20},"end":{"line":16,"column":3}},"line":8},"2":{"name":"(anonymous_2)","decl":{"start":{"line":18,"column":2},"end":{"line":18,"column":3}},"loc":{"start":{"line":18,"column":24},"end":{"line":32,"column":3}},"line":18},"3":{"name":"(anonymous_3)","decl":{"start":{"line":35,"column":2},"end":{"line":35,"column":3}},"loc":{"start":{"line":35,"column":23},"end":{"line":47,"column":3}},"line":35},"4":{"name":"(anonymous_4)","decl":{"start":{"line":49,"column":2},"end":{"line":49,"column":3}},"loc":{"start":{"line":49,"column":20},"end":{"line":57,"column":3}},"line":49}},"branchMap":{"0":{"loc":{"start":{"line":18,"column":13},"end":{"line":18,"column":22}},"type":"default-arg","locations":[{"start":{"line":18,"column":18},"end":{"line":18,"column":22}}],"line":18},"1":{"loc":{"start":{"line":21,"column":6},"end":{"line":27,"column":7}},"type":"if","locations":[{"start":{"line":21,"column":6},"end":{"line":27,"column":7}},{"start":{"line":24,"column":13},"end":{"line":27,"column":7}}],"line":21},"2":{"loc":{"start":{"line":37,"column":6},"end":{"line":37,"column":44}},"type":"if","locations":[{"start":{"line":37,"column":6},"end":{"line":37,"column":44}},{"start":{},"end":{}}],"line":37}},"s":{"0":6,"1":2,"2":2,"3":2,"4":0,"5":0,"6":4,"7":4,"8":2,"9":2,"10":2,"11":2,"12":0,"13":0,"14":2,"15":2,"16":0,"17":2,"18":2,"19":2,"20":2,"21":2,"22":0,"23":0,"24":2,"25":2,"26":2,"27":0,"28":0,"29":3},"f":{"0":6,"1":2,"2":4,"3":2,"4":2},"b":{"0":[2],"1":[2,2],"2":[0,2]},"_coverageSchema":"1a1c01bbd47fc00a2c39e90264f33305004495a9","hash":"ce57bd8003f210928c434b6a579974a1cf432858"}
,"/home/jonathanstaib/projects/courses/401/api-server/src/models/customer.js": {"path":"/home/jonathanstaib/projects/courses/401/api-server/src/models/customer.js","statementMap":{"0":{"start":{"line":3,"column":0},"end":{"line":19,"column":2}},"1":{"start":{"line":4,"column":2},"end":{"line":18,"column":5}}},"fnMap":{"0":{"name":"(anonymous_0)","decl":{"start":{"line":3,"column":17},"end":{"line":3,"column":18}},"loc":{"start":{"line":3,"column":51},"end":{"line":19,"column":1}},"line":3}},"branchMap":{},"s":{"0":3,"1":3},"f":{"0":3},"b":{},"_coverageSchema":"1a1c01bbd47fc00a2c39e90264f33305004495a9","hash":"4bc1c35aa1d108fba094ccbfc74b5067de68767b"}
,"/home/jonathanstaib/projects/courses/401/api-server/src/models/index.js": {"path":"/home/jonathanstaib/projects/courses/401/api-server/src/models/index.js","statementMap":{"0":{"start":{"line":3,"column":0},"end":{"line":3,"column":27}},"1":{"start":{"line":4,"column":32},"end":{"line":4,"column":52}},"2":{"start":{"line":5,"column":17},"end":{"line":5,"column":38}},"3":{"start":{"line":6,"column":13},"end":{"line":6,"column":30}},"4":{"start":{"line":7,"column":19},"end":{"line":7,"column":42}},"5":{"start":{"line":10,"column":21},"end":{"line":10,"column":98}},"6":{"start":{"line":13,"column":26},"end":{"line":13,"column":53}},"7":{"start":{"line":15,"column":22},"end":{"line":15,"column":60}},"8":{"start":{"line":17,"column":18},"end":{"line":17,"column":52}},"9":{"start":{"line":19,"column":0},"end":{"line":23,"column":2}}},"fnMap":{},"branchMap":{"0":{"loc":{"start":{"line":10,"column":21},"end":{"line":10,"column":98}},"type":"cond-expr","locations":[{"start":{"line":10,"column":55},"end":{"line":10,"column":71}},{"start":{"line":10,"column":74},"end":{"line":10,"column":98}}],"line":10}},"s":{"0":3,"1":3,"2":3,"3":3,"4":3,"5":3,"6":3,"7":3,"8":3,"9":3},"f":{},"b":{"0":[3,0]},"_coverageSchema":"1a1c01bbd47fc00a2c39e90264f33305004495a9","hash":"87a164878e52182c32367454518296ec0a91a7eb"}
,"/home/jonathanstaib/projects/courses/401/api-server/src/routes/city.js": {"path":"/home/jonathanstaib/projects/courses/401/api-server/src/routes/city.js","statementMap":{"0":{"start":{"line":3,"column":16},"end":{"line":3,"column":34}},"1":{"start":{"line":5,"column":27},"end":{"line":5,"column":47}},"2":{"start":{"line":7,"column":15},"end":{"line":7,"column":31}},"3":{"start":{"line":9,"column":0},"end":{"line":12,"column":3}},"4":{"start":{"line":10,"column":17},"end":{"line":10,"column":44}},"5":{"start":{"line":11,"column":2},"end":{"line":11,"column":31}},"6":{"start":{"line":14,"column":0},"end":{"line":17,"column":3}},"7":{"start":{"line":15,"column":21},"end":{"line":15,"column":61}},"8":{"start":{"line":16,"column":2},"end":{"line":16,"column":35}},"9":{"start":{"line":19,"column":0},"end":{"line":27,"column":3}},"10":{"start":{"line":20,"column":2},"end":{"line":26,"column":3}},"11":{"start":{"line":21,"column":4},"end":{"line":21,"column":46}},"12":{"start":{"line":22,"column":20},"end":{"line":22,"column":57}},"13":{"start":{"line":23,"column":4},"end":{"line":23,"column":34}},"14":{"start":{"line":25,"column":4},"end":{"line":25,"column":12}},"15":{"start":{"line":29,"column":0},"end":{"line":38,"column":3}},"16":{"start":{"line":30,"column":2},"end":{"line":37,"column":3}},"17":{"start":{"line":31,"column":19},"end":{"line":31,"column":29}},"18":{"start":{"line":32,"column":4},"end":{"line":32,"column":38}},"19":{"start":{"line":33,"column":24},"end":{"line":33,"column":65}},"20":{"start":{"line":34,"column":4},"end":{"line":34,"column":38}},"21":{"start":{"line":36,"column":4},"end":{"line":36,"column":12}},"22":{"start":{"line":40,"column":0},"end":{"line":51,"column":3}},"23":{"start":{"line":41,"column":2},"end":{"line":50,"column":3}},"24":{"start":{"line":42,"column":19},"end":{"line":42,"column":29}},"25":{"start":{"line":43,"column":16},"end":{"line":43,"column":24}},"26":{"start":{"line":44,"column":4},"end":{"line":44,"column":38}},"27":{"start":{"line":45,"column":4},"end":{"line":45,"column":40}},"28":{"start":{"line":46,"column":24},"end":{"line":46,"column":60}},"29":{"start":{"line":47,"column":4},"end":{"line":47,"column":38}},"30":{"start":{"line":49,"column":4},"end":{"line":49,"column":12}},"31":{"start":{"line":55,"column":0},"end":{"line":55,"column":24}}},"fnMap":{"0":{"name":"(anonymous_0)","decl":{"start":{"line":9,"column":20},"end":{"line":9,"column":21}},"loc":{"start":{"line":9,"column":46},"end":{"line":12,"column":1}},"line":9},"1":{"name":"(anonymous_1)","decl":{"start":{"line":14,"column":24},"end":{"line":14,"column":25}},"loc":{"start":{"line":14,"column":50},"end":{"line":17,"column":1}},"line":14},"2":{"name":"(anonymous_2)","decl":{"start":{"line":19,"column":21},"end":{"line":19,"column":22}},"loc":{"start":{"line":19,"column":47},"end":{"line":27,"column":1}},"line":19},"3":{"name":"(anonymous_3)","decl":{"start":{"line":29,"column":27},"end":{"line":29,"column":28}},"loc":{"start":{"line":29,"column":53},"end":{"line":38,"column":1}},"line":29},"4":{"name":"(anonymous_4)","decl":{"start":{"line":40,"column":24},"end":{"line":40,"column":25}},"loc":{"start":{"line":40,"column":50},"end":{"line":51,"column":1}},"line":40}},"branchMap":{},"s":{"0":3,"1":3,"2":3,"3":3,"4":1,"5":1,"6":3,"7":1,"8":1,"9":3,"10":1,"11":1,"12":1,"13":1,"14":0,"15":3,"16":1,"17":1,"18":1,"19":1,"20":1,"21":0,"22":3,"23":1,"24":1,"25":1,"26":1,"27":1,"28":1,"29":1,"30":0,"31":3},"f":{"0":1,"1":1,"2":1,"3":1,"4":1},"b":{},"_coverageSchema":"1a1c01bbd47fc00a2c39e90264f33305004495a9","hash":"0d3181c52de51b9e2f19bae5e416e694e79dd6cc"}
,"/home/jonathanstaib/projects/courses/401/api-server/src/routes/customer.js": {"path":"/home/jonathanstaib/projects/courses/401/api-server/src/routes/customer.js","statementMap":{"0":{"start":{"line":3,"column":16},"end":{"line":3,"column":34}},"1":{"start":{"line":6,"column":31},"end":{"line":6,"column":51}},"2":{"start":{"line":8,"column":15},"end":{"line":8,"column":31}},"3":{"start":{"line":10,"column":0},"end":{"line":13,"column":3}},"4":{"start":{"line":11,"column":20},"end":{"line":11,"column":51}},"5":{"start":{"line":12,"column":2},"end":{"line":12,"column":34}},"6":{"start":{"line":15,"column":0},"end":{"line":18,"column":3}},"7":{"start":{"line":16,"column":25},"end":{"line":16,"column":69}},"8":{"start":{"line":17,"column":2},"end":{"line":17,"column":39}},"9":{"start":{"line":20,"column":0},"end":{"line":28,"column":3}},"10":{"start":{"line":21,"column":2},"end":{"line":27,"column":3}},"11":{"start":{"line":22,"column":4},"end":{"line":22,"column":46}},"12":{"start":{"line":23,"column":24},"end":{"line":23,"column":65}},"13":{"start":{"line":24,"column":4},"end":{"line":24,"column":38}},"14":{"start":{"line":26,"column":4},"end":{"line":26,"column":12}},"15":{"start":{"line":30,"column":0},"end":{"line":39,"column":3}},"16":{"start":{"line":31,"column":2},"end":{"line":38,"column":3}},"17":{"start":{"line":32,"column":19},"end":{"line":32,"column":29}},"18":{"start":{"line":33,"column":4},"end":{"line":33,"column":38}},"19":{"start":{"line":34,"column":28},"end":{"line":34,"column":73}},"20":{"start":{"line":35,"column":4},"end":{"line":35,"column":42}},"21":{"start":{"line":37,"column":4},"end":{"line":37,"column":12}},"22":{"start":{"line":41,"column":0},"end":{"line":52,"column":3}},"23":{"start":{"line":42,"column":2},"end":{"line":51,"column":3}},"24":{"start":{"line":43,"column":19},"end":{"line":43,"column":29}},"25":{"start":{"line":44,"column":16},"end":{"line":44,"column":24}},"26":{"start":{"line":45,"column":4},"end":{"line":45,"column":38}},"27":{"start":{"line":46,"column":4},"end":{"line":46,"column":40}},"28":{"start":{"line":47,"column":28},"end":{"line":47,"column":68}},"29":{"start":{"line":48,"column":4},"end":{"line":48,"column":42}},"30":{"start":{"line":50,"column":4},"end":{"line":50,"column":12}},"31":{"start":{"line":56,"column":0},"end":{"line":56,"column":24}}},"fnMap":{"0":{"name":"(anonymous_0)","decl":{"start":{"line":10,"column":24},"end":{"line":10,"column":25}},"loc":{"start":{"line":10,"column":50},"end":{"line":13,"column":1}},"line":10},"1":{"name":"(anonymous_1)","decl":{"start":{"line":15,"column":28},"end":{"line":15,"column":29}},"loc":{"start":{"line":15,"column":54},"end":{"line":18,"column":1}},"line":15},"2":{"name":"(anonymous_2)","decl":{"start":{"line":20,"column":25},"end":{"line":20,"column":26}},"loc":{"start":{"line":20,"column":51},"end":{"line":28,"column":1}},"line":20},"3":{"name":"(anonymous_3)","decl":{"start":{"line":30,"column":31},"end":{"line":30,"column":32}},"loc":{"start":{"line":30,"column":57},"end":{"line":39,"column":1}},"line":30},"4":{"name":"(anonymous_4)","decl":{"start":{"line":41,"column":28},"end":{"line":41,"column":29}},"loc":{"start":{"line":41,"column":54},"end":{"line":52,"column":1}},"line":41}},"branchMap":{},"s":{"0":3,"1":3,"2":3,"3":3,"4":1,"5":1,"6":3,"7":1,"8":1,"9":3,"10":1,"11":1,"12":1,"13":1,"14":0,"15":3,"16":1,"17":1,"18":1,"19":1,"20":1,"21":0,"22":3,"23":1,"24":1,"25":1,"26":1,"27":1,"28":1,"29":1,"30":0,"31":3},"f":{"0":1,"1":1,"2":1,"3":1,"4":1},"b":{},"_coverageSchema":"1a1c01bbd47fc00a2c39e90264f33305004495a9","hash":"2b6377f36338ada8c329b81fdd556ac9e1a78870"}
}
